<?xml version="1.0" encoding="UTF-8"?>
<testsuite xmlns:xsi="http://www.w3.org/2001/XMLSchema-instance" xsi:schemaLocation="https://maven.apache.org/surefire/maven-surefire-plugin/xsd/surefire-test-report.xsd" name="fr.christophelouer.utilconsole.common.file.util.GestionFichiersTest" time="0.073" tests="5" errors="0" skipped="0" failures="0">
  <properties>
[...]
</properties>
  <testcase name="testLireFichierTexte" classname="fr.christophelouer.utilconsole.common.file.util.GestionFichiersTest" time="0.018"/>
  <testcase name="testLireFichierTexteIOException" classname="fr.christophelouer.utilconsole.common.file.util.GestionFichiersTest" time="0.001"/>
  <testcase name="testEcrireFichierOctetsStream" classname="fr.christophelouer.utilconsole.common.file.util.GestionFichiersTest" time="0.022"/>
  <testcase name="testLireFichierOctets" classname="fr.christophelouer.utilconsole.common.file.util.GestionFichiersTest" time="0.023"/>
  <testcase name="testEcrireFichierTexte" classname="fr.christophelouer.utilconsole.common.file.util.GestionFichiersTest" time="0.002"/>
</testsuite>